mode: set
github.com/azizahonohunova/wallet/pkg/wallet/service.go:34.78,35.37 1 1
github.com/azizahonohunova/wallet/pkg/wallet/service.go:40.2,47.21 4 1
github.com/azizahonohunova/wallet/pkg/wallet/service.go:35.37,36.29 1 1
github.com/azizahonohunova/wallet/pkg/wallet/service.go:36.29,38.4 1 1
github.com/azizahonohunova/wallet/pkg/wallet/service.go:49.76,51.31 2 1
github.com/azizahonohunova/wallet/pkg/wallet/service.go:56.2,56.20 1 1
github.com/azizahonohunova/wallet/pkg/wallet/service.go:59.2,59.21 1 1
github.com/azizahonohunova/wallet/pkg/wallet/service.go:51.31,52.24 1 1
github.com/azizahonohunova/wallet/pkg/wallet/service.go:52.24,54.4 1 1
github.com/azizahonohunova/wallet/pkg/wallet/service.go:56.20,58.3 1 0
github.com/azizahonohunova/wallet/pkg/wallet/service.go:61.77,63.31 2 1
github.com/azizahonohunova/wallet/pkg/wallet/service.go:68.2,68.20 1 1
github.com/azizahonohunova/wallet/pkg/wallet/service.go:71.2,71.21 1 1
github.com/azizahonohunova/wallet/pkg/wallet/service.go:63.31,64.24 1 1
github.com/azizahonohunova/wallet/pkg/wallet/service.go:64.24,66.4 1 1
github.com/azizahonohunova/wallet/pkg/wallet/service.go:68.20,70.3 1 0
github.com/azizahonohunova/wallet/pkg/wallet/service.go:73.116,74.17 1 1
github.com/azizahonohunova/wallet/pkg/wallet/service.go:77.2,78.16 2 1
github.com/azizahonohunova/wallet/pkg/wallet/service.go:81.2,81.30 1 1
github.com/azizahonohunova/wallet/pkg/wallet/service.go:84.2,94.21 5 1
github.com/azizahonohunova/wallet/pkg/wallet/service.go:74.17,76.3 1 0
github.com/azizahonohunova/wallet/pkg/wallet/service.go:78.16,80.3 1 0
github.com/azizahonohunova/wallet/pkg/wallet/service.go:81.30,83.3 1 0
github.com/azizahonohunova/wallet/pkg/wallet/service.go:96.50,98.16 2 1
github.com/azizahonohunova/wallet/pkg/wallet/service.go:101.2,103.16 3 1
github.com/azizahonohunova/wallet/pkg/wallet/service.go:106.2,107.12 2 1
github.com/azizahonohunova/wallet/pkg/wallet/service.go:98.16,100.3 1 0
github.com/azizahonohunova/wallet/pkg/wallet/service.go:103.16,105.3 1 0
github.com/azizahonohunova/wallet/pkg/wallet/service.go:109.70,110.17 1 1
github.com/azizahonohunova/wallet/pkg/wallet/service.go:113.2,114.16 2 1
github.com/azizahonohunova/wallet/pkg/wallet/service.go:117.2,118.12 2 1
github.com/azizahonohunova/wallet/pkg/wallet/service.go:110.17,112.3 1 0
github.com/azizahonohunova/wallet/pkg/wallet/service.go:114.16,116.3 1 0
github.com/azizahonohunova/wallet/pkg/wallet/service.go:120.68,122.16 2 1
github.com/azizahonohunova/wallet/pkg/wallet/service.go:125.2,126.16 2 1
github.com/azizahonohunova/wallet/pkg/wallet/service.go:129.2,129.21 1 1
github.com/azizahonohunova/wallet/pkg/wallet/service.go:122.16,124.3 1 0
github.com/azizahonohunova/wallet/pkg/wallet/service.go:126.16,128.3 1 0
github.com/azizahonohunova/wallet/pkg/wallet/service.go:131.91,133.16 2 1
github.com/azizahonohunova/wallet/pkg/wallet/service.go:136.2,137.16 2 1
github.com/azizahonohunova/wallet/pkg/wallet/service.go:140.2,150.25 5 1
github.com/azizahonohunova/wallet/pkg/wallet/service.go:133.16,135.3 1 0
github.com/azizahonohunova/wallet/pkg/wallet/service.go:137.16,139.3 1 0
github.com/azizahonohunova/wallet/pkg/wallet/service.go:152.80,153.32 1 1
github.com/azizahonohunova/wallet/pkg/wallet/service.go:158.2,158.33 1 1
github.com/azizahonohunova/wallet/pkg/wallet/service.go:153.32,154.25 1 1
github.com/azizahonohunova/wallet/pkg/wallet/service.go:154.25,156.4 1 1
github.com/azizahonohunova/wallet/pkg/wallet/service.go:160.78,162.16 2 1
github.com/azizahonohunova/wallet/pkg/wallet/service.go:165.2,166.16 2 1
github.com/azizahonohunova/wallet/pkg/wallet/service.go:169.2,169.21 1 1
github.com/azizahonohunova/wallet/pkg/wallet/service.go:162.16,164.3 1 0
github.com/azizahonohunova/wallet/pkg/wallet/service.go:166.16,168.3 1 0
github.com/azizahonohunova/wallet/pkg/wallet/service.go:173.51,175.16 2 1
github.com/azizahonohunova/wallet/pkg/wallet/service.go:178.2,178.15 1 1
github.com/azizahonohunova/wallet/pkg/wallet/service.go:185.2,185.37 1 1
github.com/azizahonohunova/wallet/pkg/wallet/service.go:192.2,192.12 1 1
github.com/azizahonohunova/wallet/pkg/wallet/service.go:175.16,177.3 1 0
github.com/azizahonohunova/wallet/pkg/wallet/service.go:178.15,180.17 2 1
github.com/azizahonohunova/wallet/pkg/wallet/service.go:180.17,182.4 1 0
github.com/azizahonohunova/wallet/pkg/wallet/service.go:185.37,187.17 2 1
github.com/azizahonohunova/wallet/pkg/wallet/service.go:187.17,189.4 1 0
github.com/azizahonohunova/wallet/pkg/wallet/service.go:194.42,197.6 3 1
github.com/azizahonohunova/wallet/pkg/wallet/service.go:207.2,207.21 1 1
github.com/azizahonohunova/wallet/pkg/wallet/service.go:197.6,199.20 2 1
github.com/azizahonohunova/wallet/pkg/wallet/service.go:202.3,202.17 1 1
github.com/azizahonohunova/wallet/pkg/wallet/service.go:205.3,205.43 1 1
github.com/azizahonohunova/wallet/pkg/wallet/service.go:199.20,200.9 1 1
github.com/azizahonohunova/wallet/pkg/wallet/service.go:202.17,204.4 1 0
github.com/azizahonohunova/wallet/pkg/wallet/service.go:209.68,211.16 2 1
github.com/azizahonohunova/wallet/pkg/wallet/service.go:214.2,224.12 9 1
github.com/azizahonohunova/wallet/pkg/wallet/service.go:211.16,213.3 1 0
github.com/azizahonohunova/wallet/pkg/wallet/service.go:226.53,228.16 2 1
github.com/azizahonohunova/wallet/pkg/wallet/service.go:231.2,231.15 1 1
github.com/azizahonohunova/wallet/pkg/wallet/service.go:238.2,242.53 3 1
github.com/azizahonohunova/wallet/pkg/wallet/service.go:259.2,259.12 1 1
github.com/azizahonohunova/wallet/pkg/wallet/service.go:228.16,230.3 1 0
github.com/azizahonohunova/wallet/pkg/wallet/service.go:231.15,233.17 2 1
github.com/azizahonohunova/wallet/pkg/wallet/service.go:233.17,235.4 1 0
github.com/azizahonohunova/wallet/pkg/wallet/service.go:242.53,245.17 3 1
github.com/azizahonohunova/wallet/pkg/wallet/service.go:248.3,249.17 2 1
github.com/azizahonohunova/wallet/pkg/wallet/service.go:252.3,257.46 2 1
github.com/azizahonohunova/wallet/pkg/wallet/service.go:245.17,247.4 1 0
github.com/azizahonohunova/wallet/pkg/wallet/service.go:249.17,251.4 1 0
